<?xml version="1.0" encoding="UTF-8"?>
<!-- Generated by org.testng.reporters.JUnitXMLReporter -->
<testsuite hostname="DESKTOP-QNHJ5Q7" ignored="0" name="Test" tests="3" failures="0" timestamp="2022-11-03T04:37:48 PDT" time="14.305" errors="0">
  <testcase name="verifyLogin" time="3.563" classname="Excecise1.Log4jExampleOnNOPCom"/>
  <testcase name="verifyAppTitle" time="0.023" classname="Excecise1.Log4jExampleOnNOPCom"/>
  <testcase name="verifyLogout" time="1.134" classname="Excecise1.Log4jExampleOnNOPCom"/>
</testsuite> <!-- Test -->
